# pg_stat_activity snapshot — Step 28 Phase 2 §8 Item 5 evidence
# Captured: 2026-05-05 21:21–21:24 EDT (2026-05-06 01:21:36–01:24:39 UTC)
# Method: ECS Exec into luciel-backend task (ARN .../task/luciel-cluster/2ae54f242dba421aa3eb1ffce925789a)
#         Python loop using psycopg v3.3.4 against env DATABASE_URL (luciel_admin role)
#         Concurrent verify task (luciel-verify:5, task .../3eeed57af5404e06834b594c01a55198) running in Window 1
# Query:  SELECT usename, datname, application_name, state, count(*)
#         FROM pg_stat_activity
#         WHERE backend_type='client backend' AND datname='luciel'
#         GROUP BY usename, datname, application_name, state
#         ORDER BY usename
# Cadence: every 2 seconds for 90 iterations (~180s)
#
# KEY TRANSITION: 2026-05-06T01:24:17+00:00 — luciel_worker connection first observed.

2026-05-06T01:21:36+00:00 ('luciel_admin', 'luciel', '', 'active', 1)
2026-05-06T01:21:36+00:00 ('luciel_admin', 'luciel', '', 'idle', 2)
2026-05-06T01:21:36+00:00 ---
2026-05-06T01:21:38+00:00 ('luciel_admin', 'luciel', '', 'active', 1)
2026-05-06T01:21:38+00:00 ('luciel_admin', 'luciel', '', 'idle', 2)
2026-05-06T01:21:38+00:00 ---
2026-05-06T01:21:40+00:00 ('luciel_admin', 'luciel', '', 'active', 1)
2026-05-06T01:21:40+00:00 ('luciel_admin', 'luciel', '', 'idle', 2)
2026-05-06T01:21:40+00:00 ---
2026-05-06T01:21:42+00:00 ('luciel_admin', 'luciel', '', 'active', 1)
2026-05-06T01:21:42+00:00 ('luciel_admin', 'luciel', '', 'idle', 2)
2026-05-06T01:21:42+00:00 ---
2026-05-06T01:21:45+00:00 ('luciel_admin', 'luciel', '', 'active', 1)
2026-05-06T01:21:45+00:00 ('luciel_admin', 'luciel', '', 'idle', 2)
2026-05-06T01:21:45+00:00 ---
2026-05-06T01:21:47+00:00 ('luciel_admin', 'luciel', '', 'active', 1)
2026-05-06T01:21:47+00:00 ('luciel_admin', 'luciel', '', 'idle', 2)
2026-05-06T01:21:47+00:00 ---
2026-05-06T01:21:49+00:00 ('luciel_admin', 'luciel', '', 'active', 1)
2026-05-06T01:21:49+00:00 ('luciel_admin', 'luciel', '', 'idle', 2)
2026-05-06T01:21:49+00:00 ---
2026-05-06T01:21:51+00:00 ('luciel_admin', 'luciel', '', 'active', 1)
2026-05-06T01:21:51+00:00 ('luciel_admin', 'luciel', '', 'idle', 2)
2026-05-06T01:21:51+00:00 ---
2026-05-06T01:21:53+00:00 ('luciel_admin', 'luciel', '', 'active', 1)
2026-05-06T01:21:53+00:00 ('luciel_admin', 'luciel', '', 'idle', 2)
2026-05-06T01:21:53+00:00 ---
2026-05-06T01:21:55+00:00 ('luciel_admin', 'luciel', '', 'active', 1)
2026-05-06T01:21:55+00:00 ('luciel_admin', 'luciel', '', 'idle', 2)
2026-05-06T01:21:55+00:00 ---
2026-05-06T01:21:57+00:00 ('luciel_admin', 'luciel', '', 'active', 1)
2026-05-06T01:21:57+00:00 ('luciel_admin', 'luciel', '', 'idle', 2)
2026-05-06T01:21:57+00:00 ---
2026-05-06T01:21:59+00:00 ('luciel_admin', 'luciel', '', 'active', 1)
2026-05-06T01:21:59+00:00 ('luciel_admin', 'luciel', '', 'idle', 2)
2026-05-06T01:21:59+00:00 ---
2026-05-06T01:22:01+00:00 ('luciel_admin', 'luciel', '', 'active', 1)
2026-05-06T01:22:01+00:00 ('luciel_admin', 'luciel', '', 'idle', 2)
2026-05-06T01:22:01+00:00 ---
2026-05-06T01:22:03+00:00 ('luciel_admin', 'luciel', '', 'active', 1)
2026-05-06T01:22:03+00:00 ('luciel_admin', 'luciel', '', 'idle', 2)
2026-05-06T01:22:03+00:00 ---
2026-05-06T01:22:05+00:00 ('luciel_admin', 'luciel', '', 'active', 1)
2026-05-06T01:22:05+00:00 ('luciel_admin', 'luciel', '', 'idle', 2)
2026-05-06T01:22:05+00:00 ---
2026-05-06T01:22:07+00:00 ('luciel_admin', 'luciel', '', 'active', 1)
2026-05-06T01:22:07+00:00 ('luciel_admin', 'luciel', '', 'idle', 2)
2026-05-06T01:22:07+00:00 ---
2026-05-06T01:22:09+00:00 ('luciel_admin', 'luciel', '', 'active', 1)
2026-05-06T01:22:09+00:00 ('luciel_admin', 'luciel', '', 'idle', 2)
2026-05-06T01:22:09+00:00 ---
2026-05-06T01:22:11+00:00 ('luciel_admin', 'luciel', '', 'active', 1)
2026-05-06T01:22:11+00:00 ('luciel_admin', 'luciel', '', 'idle', 2)
2026-05-06T01:22:11+00:00 ---
2026-05-06T01:22:13+00:00 ('luciel_admin', 'luciel', '', 'active', 1)
2026-05-06T01:22:13+00:00 ('luciel_admin', 'luciel', '', 'idle', 2)
2026-05-06T01:22:13+00:00 ---
2026-05-06T01:22:15+00:00 ('luciel_admin', 'luciel', '', 'active', 1)
2026-05-06T01:22:15+00:00 ('luciel_admin', 'luciel', '', 'idle', 2)
2026-05-06T01:22:15+00:00 ---
2026-05-06T01:22:17+00:00 ('luciel_admin', 'luciel', '', 'active', 1)
2026-05-06T01:22:17+00:00 ('luciel_admin', 'luciel', '', 'idle', 2)
2026-05-06T01:22:17+00:00 ---
2026-05-06T01:22:19+00:00 ('luciel_admin', 'luciel', '', 'active', 1)
2026-05-06T01:22:19+00:00 ('luciel_admin', 'luciel', '', 'idle', 2)
2026-05-06T01:22:19+00:00 ---
2026-05-06T01:22:21+00:00 ('luciel_admin', 'luciel', '', 'active', 1)
2026-05-06T01:22:21+00:00 ('luciel_admin', 'luciel', '', 'idle', 2)
2026-05-06T01:22:21+00:00 ---
2026-05-06T01:22:23+00:00 ('luciel_admin', 'luciel', '', 'active', 1)
2026-05-06T01:22:23+00:00 ('luciel_admin', 'luciel', '', 'idle', 2)
2026-05-06T01:22:23+00:00 ---
2026-05-06T01:22:25+00:00 ('luciel_admin', 'luciel', '', 'active', 1)
2026-05-06T01:22:25+00:00 ('luciel_admin', 'luciel', '', 'idle', 2)
2026-05-06T01:22:25+00:00 ---
2026-05-06T01:22:27+00:00 ('luciel_admin', 'luciel', '', 'active', 1)
2026-05-06T01:22:27+00:00 ('luciel_admin', 'luciel', '', 'idle', 2)
2026-05-06T01:22:27+00:00 ---
2026-05-06T01:22:29+00:00 ('luciel_admin', 'luciel', '', 'active', 1)
2026-05-06T01:22:29+00:00 ('luciel_admin', 'luciel', '', 'idle', 2)
2026-05-06T01:22:29+00:00 ---
2026-05-06T01:22:31+00:00 ('luciel_admin', 'luciel', '', 'active', 1)
2026-05-06T01:22:31+00:00 ('luciel_admin', 'luciel', '', 'idle', 2)
2026-05-06T01:22:31+00:00 ---
2026-05-06T01:22:33+00:00 ('luciel_admin', 'luciel', '', 'active', 1)
2026-05-06T01:22:33+00:00 ('luciel_admin', 'luciel', '', 'idle', 2)
2026-05-06T01:22:33+00:00 ---
2026-05-06T01:22:35+00:00 ('luciel_admin', 'luciel', '', 'active', 1)
2026-05-06T01:22:35+00:00 ('luciel_admin', 'luciel', '', 'idle', 2)
2026-05-06T01:22:35+00:00 ---
2026-05-06T01:22:37+00:00 ('luciel_admin', 'luciel', '', 'active', 1)
2026-05-06T01:22:37+00:00 ('luciel_admin', 'luciel', '', 'idle', 2)
2026-05-06T01:22:37+00:00 ---
2026-05-06T01:22:39+00:00 ('luciel_admin', 'luciel', '', 'active', 1)
2026-05-06T01:22:39+00:00 ('luciel_admin', 'luciel', '', 'idle', 2)
2026-05-06T01:22:39+00:00 ---
2026-05-06T01:22:41+00:00 ('luciel_admin', 'luciel', '', 'active', 1)
2026-05-06T01:22:41+00:00 ('luciel_admin', 'luciel', '', 'idle', 2)
2026-05-06T01:22:41+00:00 ---
2026-05-06T01:22:43+00:00 ('luciel_admin', 'luciel', '', 'active', 1)
2026-05-06T01:22:43+00:00 ('luciel_admin', 'luciel', '', 'idle', 2)
2026-05-06T01:22:43+00:00 ---
2026-05-06T01:22:45+00:00 ('luciel_admin', 'luciel', '', 'active', 1)
2026-05-06T01:22:45+00:00 ('luciel_admin', 'luciel', '', 'idle', 2)
2026-05-06T01:22:45+00:00 ---
2026-05-06T01:22:47+00:00 ('luciel_admin', 'luciel', '', 'active', 1)
2026-05-06T01:22:47+00:00 ('luciel_admin', 'luciel', '', 'idle', 2)
2026-05-06T01:22:47+00:00 ---
2026-05-06T01:22:49+00:00 ('luciel_admin', 'luciel', '', 'active', 1)
2026-05-06T01:22:49+00:00 ('luciel_admin', 'luciel', '', 'idle', 2)
2026-05-06T01:22:49+00:00 ---
2026-05-06T01:22:51+00:00 ('luciel_admin', 'luciel', '', 'active', 1)
2026-05-06T01:22:51+00:00 ('luciel_admin', 'luciel', '', 'idle', 2)
2026-05-06T01:22:51+00:00 ---
2026-05-06T01:22:53+00:00 ('luciel_admin', 'luciel', '', 'active', 1)
2026-05-06T01:22:53+00:00 ('luciel_admin', 'luciel', '', 'idle', 2)
2026-05-06T01:22:53+00:00 ---
2026-05-06T01:22:55+00:00 ('luciel_admin', 'luciel', '', 'active', 1)
2026-05-06T01:22:55+00:00 ('luciel_admin', 'luciel', '', 'idle', 2)
2026-05-06T01:22:55+00:00 ---
2026-05-06T01:22:57+00:00 ('luciel_admin', 'luciel', '', 'active', 1)
2026-05-06T01:22:57+00:00 ('luciel_admin', 'luciel', '', 'idle', 2)
2026-05-06T01:22:57+00:00 ---
2026-05-06T01:22:59+00:00 ('luciel_admin', 'luciel', '', 'active', 1)
2026-05-06T01:22:59+00:00 ('luciel_admin', 'luciel', '', 'idle', 2)
2026-05-06T01:22:59+00:00 ---
2026-05-06T01:23:01+00:00 ('luciel_admin', 'luciel', '', 'active', 1)
2026-05-06T01:23:01+00:00 ('luciel_admin', 'luciel', '', 'idle', 2)
2026-05-06T01:23:01+00:00 ---
2026-05-06T01:23:06+00:00 ('luciel_admin', 'luciel', '', 'active', 1)
2026-05-06T01:23:06+00:00 ('luciel_admin', 'luciel', '', 'idle', 2)
2026-05-06T01:23:06+00:00 ---
2026-05-06T01:23:08+00:00 ('luciel_admin', 'luciel', '', 'active', 1)
2026-05-06T01:23:08+00:00 ('luciel_admin', 'luciel', '', 'idle', 2)
2026-05-06T01:23:08+00:00 ---
2026-05-06T01:23:10+00:00 ('luciel_admin', 'luciel', '', 'active', 1)
2026-05-06T01:23:10+00:00 ('luciel_admin', 'luciel', '', 'idle', 2)
2026-05-06T01:23:10+00:00 ---
2026-05-06T01:23:12+00:00 ('luciel_admin', 'luciel', '', 'active', 1)
2026-05-06T01:23:12+00:00 ('luciel_admin', 'luciel', '', 'idle', 2)
2026-05-06T01:23:12+00:00 ---
2026-05-06T01:23:14+00:00 ('luciel_admin', 'luciel', '', 'active', 1)
2026-05-06T01:23:14+00:00 ('luciel_admin', 'luciel', '', 'idle', 2)
2026-05-06T01:23:14+00:00 ---
2026-05-06T01:23:16+00:00 ('luciel_admin', 'luciel', '', 'active', 1)
2026-05-06T01:23:16+00:00 ('luciel_admin', 'luciel', '', 'idle', 2)
2026-05-06T01:23:16+00:00 ---
2026-05-06T01:23:18+00:00 ('luciel_admin', 'luciel', '', 'active', 1)
2026-05-06T01:23:18+00:00 ('luciel_admin', 'luciel', '', 'idle', 2)
2026-05-06T01:23:18+00:00 ---
2026-05-06T01:23:20+00:00 ('luciel_admin', 'luciel', '', 'active', 1)
2026-05-06T01:23:20+00:00 ('luciel_admin', 'luciel', '', 'idle', 2)
2026-05-06T01:23:20+00:00 ---
2026-05-06T01:23:22+00:00 ('luciel_admin', 'luciel', '', 'active', 1)
2026-05-06T01:23:22+00:00 ('luciel_admin', 'luciel', '', 'idle', 2)
2026-05-06T01:23:22+00:00 ---
2026-05-06T01:23:24+00:00 ('luciel_admin', 'luciel', '', 'active', 1)
2026-05-06T01:23:24+00:00 ('luciel_admin', 'luciel', '', 'idle', 2)
2026-05-06T01:23:24+00:00 ---
2026-05-06T01:23:26+00:00 ('luciel_admin', 'luciel', '', 'active', 1)
2026-05-06T01:23:26+00:00 ('luciel_admin', 'luciel', '', 'idle', 2)
2026-05-06T01:23:26+00:00 ---
2026-05-06T01:23:28+00:00 ('luciel_admin', 'luciel', '', 'active', 1)
2026-05-06T01:23:28+00:00 ('luciel_admin', 'luciel', '', 'idle', 2)
2026-05-06T01:23:28+00:00 ---
2026-05-06T01:23:30+00:00 ('luciel_admin', 'luciel', '', 'active', 1)
2026-05-06T01:23:30+00:00 ('luciel_admin', 'luciel', '', 'idle', 2)
2026-05-06T01:23:30+00:00 ---
2026-05-06T01:23:32+00:00 ('luciel_admin', 'luciel', '', 'active', 1)
2026-05-06T01:23:32+00:00 ('luciel_admin', 'luciel', '', 'idle', 2)
2026-05-06T01:23:32+00:00 ---
2026-05-06T01:23:34+00:00 ('luciel_admin', 'luciel', '', 'active', 1)
2026-05-06T01:23:34+00:00 ('luciel_admin', 'luciel', '', 'idle', 2)
2026-05-06T01:23:34+00:00 ---
2026-05-06T01:23:36+00:00 ('luciel_admin', 'luciel', '', 'active', 1)
2026-05-06T01:23:36+00:00 ('luciel_admin', 'luciel', '', 'idle', 2)
2026-05-06T01:23:36+00:00 ---
2026-05-06T01:23:38+00:00 ('luciel_admin', 'luciel', '', 'active', 1)
2026-05-06T01:23:38+00:00 ('luciel_admin', 'luciel', '', 'idle', 2)
2026-05-06T01:23:38+00:00 ---
2026-05-06T01:23:40+00:00 ('luciel_admin', 'luciel', '', 'active', 1)
2026-05-06T01:23:40+00:00 ('luciel_admin', 'luciel', '', 'idle', 2)
2026-05-06T01:23:40+00:00 ---
2026-05-06T01:23:42+00:00 ('luciel_admin', 'luciel', '', 'active', 1)
2026-05-06T01:23:42+00:00 ('luciel_admin', 'luciel', '', 'idle', 2)
2026-05-06T01:23:42+00:00 ---
2026-05-06T01:23:44+00:00 ('luciel_admin', 'luciel', '', 'active', 1)
2026-05-06T01:23:44+00:00 ('luciel_admin', 'luciel', '', 'idle', 2)
2026-05-06T01:23:44+00:00 ---
2026-05-06T01:23:46+00:00 ('luciel_admin', 'luciel', '', 'active', 1)
2026-05-06T01:23:46+00:00 ('luciel_admin', 'luciel', '', 'idle', 2)
2026-05-06T01:23:46+00:00 ---
2026-05-06T01:23:48+00:00 ('luciel_admin', 'luciel', '', 'active', 1)
2026-05-06T01:23:48+00:00 ('luciel_admin', 'luciel', '', 'idle', 1)
2026-05-06T01:23:48+00:00 ('luciel_admin', 'luciel', '', 'idle in transaction', 1)
2026-05-06T01:23:48+00:00 ---
2026-05-06T01:23:50+00:00 ('luciel_admin', 'luciel', '', 'active', 1)
2026-05-06T01:23:50+00:00 ('luciel_admin', 'luciel', '', 'idle', 1)
2026-05-06T01:23:50+00:00 ('luciel_admin', 'luciel', '', 'idle in transaction', 1)
2026-05-06T01:23:50+00:00 ---
2026-05-06T01:23:52+00:00 ('luciel_admin', 'luciel', '', 'active', 1)
2026-05-06T01:23:52+00:00 ('luciel_admin', 'luciel', '', 'idle', 1)
2026-05-06T01:23:52+00:00 ('luciel_admin', 'luciel', '', 'idle in transaction', 1)
2026-05-06T01:23:52+00:00 ---
2026-05-06T01:23:54+00:00 ('luciel_admin', 'luciel', '', 'active', 1)
2026-05-06T01:23:54+00:00 ('luciel_admin', 'luciel', '', 'idle', 1)
2026-05-06T01:23:54+00:00 ('luciel_admin', 'luciel', '', 'idle in transaction', 1)
2026-05-06T01:23:54+00:00 ---
2026-05-06T01:23:56+00:00 ('luciel_admin', 'luciel', '', 'active', 1)
2026-05-06T01:23:56+00:00 ('luciel_admin', 'luciel', '', 'idle', 2)
2026-05-06T01:23:56+00:00 ---
2026-05-06T01:23:58+00:00 ('luciel_admin', 'luciel', '', 'active', 1)
2026-05-06T01:23:58+00:00 ('luciel_admin', 'luciel', '', 'idle', 2)
2026-05-06T01:23:58+00:00 ---
2026-05-06T01:24:00+00:00 ('luciel_admin', 'luciel', '', 'active', 1)
2026-05-06T01:24:00+00:00 ('luciel_admin', 'luciel', '', 'idle', 1)
2026-05-06T01:24:00+00:00 ('luciel_admin', 'luciel', '', 'idle in transaction', 1)
2026-05-06T01:24:00+00:00 ---
2026-05-06T01:24:02+00:00 ('luciel_admin', 'luciel', '', 'active', 1)
2026-05-06T01:24:02+00:00 ('luciel_admin', 'luciel', '', 'idle', 2)
2026-05-06T01:24:02+00:00 ---
2026-05-06T01:24:04+00:00 ('luciel_admin', 'luciel', '', 'active', 1)
2026-05-06T01:24:04+00:00 ('luciel_admin', 'luciel', '', 'idle', 2)
2026-05-06T01:24:04+00:00 ---
2026-05-06T01:24:06+00:00 ('luciel_admin', 'luciel', '', 'active', 1)
2026-05-06T01:24:06+00:00 ('luciel_admin', 'luciel', '', 'idle', 2)
2026-05-06T01:24:06+00:00 ---
2026-05-06T01:24:08+00:00 ('luciel_admin', 'luciel', '', 'active', 1)
2026-05-06T01:24:08+00:00 ('luciel_admin', 'luciel', '', 'idle', 2)
2026-05-06T01:24:08+00:00 ---
2026-05-06T01:24:10+00:00 ('luciel_admin', 'luciel', '', 'active', 1)
2026-05-06T01:24:10+00:00 ('luciel_admin', 'luciel', '', 'idle', 2)
2026-05-06T01:24:10+00:00 ---
2026-05-06T01:24:12+00:00 ('luciel_admin', 'luciel', '', 'active', 1)
2026-05-06T01:24:12+00:00 ('luciel_admin', 'luciel', '', 'idle', 2)
2026-05-06T01:24:12+00:00 ---
2026-05-06T01:24:15+00:00 ('luciel_admin', 'luciel', '', 'active', 1)
2026-05-06T01:24:15+00:00 ('luciel_admin', 'luciel', '', 'idle', 2)
2026-05-06T01:24:15+00:00 ---
2026-05-06T01:24:17+00:00 ('luciel_admin', 'luciel', '', 'active', 1)
2026-05-06T01:24:17+00:00 ('luciel_admin', 'luciel', '', 'idle', 2)
2026-05-06T01:24:17+00:00 ('luciel_worker', 'luciel', '', 'idle', 1)
2026-05-06T01:24:17+00:00 ---
2026-05-06T01:24:19+00:00 ('luciel_admin', 'luciel', '', 'active', 1)
2026-05-06T01:24:19+00:00 ('luciel_admin', 'luciel', '', 'idle', 1)
2026-05-06T01:24:19+00:00 ('luciel_admin', 'luciel', '', 'idle in transaction', 1)
2026-05-06T01:24:19+00:00 ('luciel_worker', 'luciel', '', 'idle', 1)
2026-05-06T01:24:19+00:00 ---
2026-05-06T01:24:21+00:00 ('luciel_admin', 'luciel', '', 'active', 1)
2026-05-06T01:24:21+00:00 ('luciel_admin', 'luciel', '', 'idle', 2)
2026-05-06T01:24:21+00:00 ('luciel_worker', 'luciel', '', 'idle', 1)
2026-05-06T01:24:21+00:00 ---
2026-05-06T01:24:23+00:00 ('luciel_admin', 'luciel', '', 'active', 1)
2026-05-06T01:24:23+00:00 ('luciel_admin', 'luciel', '', 'idle', 1)
2026-05-06T01:24:23+00:00 ('luciel_admin', 'luciel', '', 'idle in transaction', 1)
2026-05-06T01:24:23+00:00 ('luciel_worker', 'luciel', '', 'idle', 1)
2026-05-06T01:24:23+00:00 ---
2026-05-06T01:24:25+00:00 ('luciel_admin', 'luciel', '', 'active', 1)
2026-05-06T01:24:25+00:00 ('luciel_admin', 'luciel', '', 'idle', 1)
2026-05-06T01:24:25+00:00 ('luciel_admin', 'luciel', '', 'idle in transaction', 1)
2026-05-06T01:24:25+00:00 ('luciel_worker', 'luciel', '', 'idle', 1)
2026-05-06T01:24:25+00:00 ---
2026-05-06T01:24:27+00:00 ('luciel_admin', 'luciel', '', 'active', 1)
2026-05-06T01:24:27+00:00 ('luciel_admin', 'luciel', '', 'idle', 1)
2026-05-06T01:24:27+00:00 ('luciel_admin', 'luciel', '', 'idle in transaction', 1)
2026-05-06T01:24:27+00:00 ('luciel_worker', 'luciel', '', 'idle', 1)
2026-05-06T01:24:27+00:00 ---
2026-05-06T01:24:29+00:00 ('luciel_admin', 'luciel', '', 'active', 1)
2026-05-06T01:24:29+00:00 ('luciel_admin', 'luciel', '', 'idle', 2)
2026-05-06T01:24:29+00:00 ('luciel_worker', 'luciel', '', 'idle', 1)
2026-05-06T01:24:29+00:00 ---
2026-05-06T01:24:31+00:00 ('luciel_admin', 'luciel', '', 'active', 1)
2026-05-06T01:24:31+00:00 ('luciel_admin', 'luciel', '', 'idle', 1)
2026-05-06T01:24:31+00:00 ('luciel_admin', 'luciel', '', 'idle in transaction', 1)
2026-05-06T01:24:31+00:00 ('luciel_worker', 'luciel', '', 'idle', 1)
2026-05-06T01:24:31+00:00 ---
2026-05-06T01:24:33+00:00 ('luciel_admin', 'luciel', '', 'active', 1)
2026-05-06T01:24:33+00:00 ('luciel_admin', 'luciel', '', 'idle', 1)
2026-05-06T01:24:33+00:00 ('luciel_admin', 'luciel', '', 'idle in transaction', 1)
2026-05-06T01:24:33+00:00 ('luciel_worker', 'luciel', '', 'idle', 1)
2026-05-06T01:24:33+00:00 ---
2026-05-06T01:24:35+00:00 ('luciel_admin', 'luciel', '', 'active', 1)
2026-05-06T01:24:35+00:00 ('luciel_admin', 'luciel', '', 'idle', 2)
2026-05-06T01:24:35+00:00 ('luciel_worker', 'luciel', '', 'idle', 1)
2026-05-06T01:24:35+00:00 ---
2026-05-06T01:24:37+00:00 ('luciel_admin', 'luciel', '', 'active', 1)
2026-05-06T01:24:37+00:00 ('luciel_admin', 'luciel', '', 'idle', 1)
2026-05-06T01:24:37+00:00 ('luciel_admin', 'luciel', '', 'idle in transaction', 1)
2026-05-06T01:24:37+00:00 ('luciel_worker', 'luciel', '', 'idle', 1)
2026-05-06T01:24:37+00:00 ---
2026-05-06T01:24:39+00:00 ('luciel_admin', 'luciel', '', 'active', 1)
2026-05-06T01:24:39+00:00 ('luciel_admin', 'luciel', '', 'idle', 2)
2026-05-06T01:24:39+00:00 ('luciel_worker', 'luciel', '', 'idle', 1)
2026-05-06T01:24:39+00:00 ---
